<?xml version="1.0" encoding="UTF-8"?>
<testng-results skipped="0" failed="0" total="1" passed="1">
  <reporter-output>
  </reporter-output>
  <suite name="Default suite" duration-ms="7132" started-at="2016-11-25T17:17:34Z" finished-at="2016-11-25T17:17:41Z">
    <groups>
    </groups>
    <test name="Default test" duration-ms="7132" started-at="2016-11-25T17:17:34Z" finished-at="2016-11-25T17:17:41Z">
      <class name="com.gmail.testCases.NewTestLogin">
        <test-method status="PASS" signature="browserAndUrl()[pri:0, instance:com.gmail.testCases.NewTestLogin@23ceabc1]" name="browserAndUrl" is-config="true" duration-ms="6781" started-at="2016-11-25T12:17:34Z" finished-at="2016-11-25T12:17:40Z">
          <reporter-output>
          </reporter-output>
        </test-method> <!-- browserAndUrl -->
        <test-method status="PASS" signature="checkValidUser()[pri:0, instance:com.gmail.testCases.NewTestLogin@23ceabc1]" name="checkValidUser" duration-ms="316" started-at="2016-11-25T12:17:40Z" finished-at="2016-11-25T12:17:41Z">
          <reporter-output>
          </reporter-output>
        </test-method> <!-- checkValidUser -->
      </class> <!-- com.gmail.testCases.NewTestLogin -->
    </test> <!-- Default test -->
  </suite> <!-- Default suite -->
</testng-results>
